10/23/2020 11:10:43 AM: INFO: Test case test_validateStatusCode started
10/23/2020 11:10:43 AM: INFO: Test case test_validateStatusCode finished!
10/23/2020 11:10:45 AM: INFO: Test case test_Count_of_expected_badges started
10/23/2020 11:10:45 AM: INFO: Test case test_Count_of_expected_badges finished!
10/23/2020 11:10:46 AM: INFO: Test case test_validate_processedid_against_requestid_Passed started
10/23/2020 11:10:46 AM: INFO: Test case test_validate_processedid_against_requestid_Passed finished!
10/23/2020 11:10:47 AM: INFO: Test case test_check_if_invalid_id_passed started
10/23/2020 11:10:47 AM: INFO: Test case test_check_if_invalid_id_passed finished!
10/23/2020 11:46:48 AM: INFO: Test case test_validateStatusCode started
10/23/2020 11:46:48 AM: INFO: Test case test_validateStatusCode finished!
10/23/2020 11:46:50 AM: INFO: Test case test_Count_of_expected_badges started
10/23/2020 11:46:50 AM: INFO: Test case test_Count_of_expected_badges finished!
10/23/2020 11:46:51 AM: INFO: Test case test_validate_processedid_against_requestid_Passed started
10/23/2020 11:46:51 AM: INFO: Test case test_validate_processedid_against_requestid_Passed finished!
10/23/2020 11:46:52 AM: INFO: Test case test_check_if_invalid_id_passed started
10/23/2020 11:46:52 AM: INFO: Test case test_check_if_invalid_id_passed finished!
10/23/2020 11:51:40 AM: INFO: Test case test_validateStatusCode started
10/23/2020 11:51:40 AM: INFO: Test case test_validateStatusCode finished!
10/23/2020 11:51:41 AM: INFO: Test case test_Count_of_expected_badges started
10/23/2020 11:51:41 AM: INFO: Test case test_Count_of_expected_badges finished!
10/23/2020 11:51:43 AM: INFO: Test case test_validate_processedid_against_requestid_Passed started
10/23/2020 11:51:43 AM: INFO: Test case test_validate_processedid_against_requestid_Passed finished!
10/23/2020 11:51:44 AM: INFO: Test case test_check_if_invalid_id_passed started
10/23/2020 11:51:44 AM: INFO: Test case test_check_if_invalid_id_passed finished!
10/23/2020 12:01:37 PM: INFO: Test case test_validateStatusCode started
10/23/2020 12:01:37 PM: INFO: Test case test_validateStatusCode finished
10/23/2020 12:01:39 PM: INFO: Test case test_Count_of_expected_badges_names started
10/23/2020 12:01:40 PM: INFO: Test case test_Count_of_expected_recipients started
10/23/2020 12:01:42 PM: INFO: Test case test_validate_processedid_against_requestid_Passed started
10/23/2020 12:01:42 PM: INFO: Test case test_validate_processedid_against_requestid_Passed finished
10/23/2020 12:01:43 PM: INFO: Test case test_validateStatusCode started
10/23/2020 12:01:43 PM: INFO: Test case test_validateStatusCode finished
10/23/2020 12:01:44 PM: INFO: Test case test_Count_of_expected_recipients started
10/23/2020 12:01:44 PM: INFO: Test case test_Count_of_expected_recipients finished
10/23/2020 12:01:46 PM: INFO: Test case test_validateStatusCode started
10/23/2020 12:01:46 PM: INFO: Test case test_validateStatusCode finished
10/23/2020 12:01:47 PM: INFO: Test case test_Count_of_expected_tags started
10/23/2020 12:01:47 PM: INFO: Test case test_Count_of_expected_tags finished
10/23/2020 12:01:48 PM: INFO: Test case test_validateStatusCode started
10/23/2020 12:01:48 PM: INFO: Test case test_validateStatusCode finished
10/23/2020 12:01:50 PM: INFO: Test case test_Count_of_expected_badges started
10/23/2020 12:01:50 PM: INFO: Test case test_Count_of_expected_badges finished
10/23/2020 12:01:51 PM: INFO: Test case test_validate_Data_Header_Present started
10/23/2020 12:01:51 PM: INFO: Test case test_validate_Data_Header_Present finished
10/23/2020 12:01:52 PM: INFO: Test case test_validate_if_response_is_empty started
10/23/2020 12:01:52 PM: INFO: Test case test_validate_if_response_is_empty finished
10/23/2020 12:01:54 PM: INFO: Test case test_validate_response_for_bad_parameter_pass started
10/23/2020 12:01:54 PM: INFO: Test case test_validate_response_for_bad_parameter_pass finished
10/23/2020 12:01:55 PM: INFO: Test case test_validate_resposesize_not_greaterthan_10000bytes started
10/23/2020 12:01:55 PM: INFO: Test case test_validate_resposesize_not_greaterthan_10000bytes finished
10/23/2020 12:01:56 PM: INFO: Test case test_schema_datatype_validations started
10/23/2020 12:01:56 PM: INFO: Test case test_schema_datatype_validations finished
10/23/2020 12:01:58 PM: INFO: Test case test_validate_if_any_duplciate_badgeid_present_in_respose started
10/23/2020 12:01:58 PM: INFO: Test case test_validate_if_any_duplciate_badgeid_present_in_respose finished
10/23/2020 12:01:59 PM: INFO: Test case test_validate_badgeIds_against_expected_badgeids started
10/23/2020 12:01:59 PM: INFO: Test case test_validate_badgeIds_against_expected_badgeids finished
10/23/2020 12:02:00 PM: INFO: Test case test_validateStatusCode started
10/23/2020 12:02:00 PM: INFO: Test case test_validateStatusCode finished!
10/23/2020 12:02:02 PM: INFO: Test case test_Count_of_expected_badges started
10/23/2020 12:02:02 PM: INFO: Test case test_Count_of_expected_badges finished!
10/23/2020 12:02:03 PM: INFO: Test case test_validate_processedid_against_requestid_Passed started
10/23/2020 12:02:03 PM: INFO: Test case test_validate_processedid_against_requestid_Passed finished!
10/23/2020 12:02:04 PM: INFO: Test case test_check_if_invalid_id_passed started
10/23/2020 12:02:04 PM: INFO: Test case test_check_if_invalid_id_passed finished!
10/23/2020 12:30:46 PM: INFO: Test case test_validateStatusCode started
10/23/2020 12:30:46 PM: INFO: Test case test_validateStatusCode finished
10/23/2020 12:30:47 PM: INFO: Test case test_Count_of_expected_badges_names started
10/23/2020 12:30:49 PM: INFO: Test case test_Count_of_expected_recipients started
10/23/2020 12:30:51 PM: INFO: Test case test_validate_processedid_against_requestid_Passed started
10/23/2020 12:30:51 PM: INFO: Test case test_validate_processedid_against_requestid_Passed finished
10/23/2020 12:30:52 PM: INFO: Test case test_validateStatusCode started
10/23/2020 12:30:52 PM: INFO: Test case test_validateStatusCode finished
10/23/2020 12:30:53 PM: INFO: Test case test_Count_of_expected_recipients started
10/23/2020 12:30:53 PM: INFO: Test case test_Count_of_expected_recipients finished
10/23/2020 12:30:55 PM: INFO: Test case test_validateStatusCode started
10/23/2020 12:30:55 PM: INFO: Test case test_validateStatusCode finished
10/23/2020 12:30:56 PM: INFO: Test case test_Count_of_expected_tags started
10/23/2020 12:30:56 PM: INFO: Test case test_Count_of_expected_tags finished
10/23/2020 12:30:57 PM: INFO: Test case test_validateStatusCode started
10/23/2020 12:30:57 PM: INFO: Test case test_validateStatusCode finished
10/23/2020 12:30:59 PM: INFO: Test case test_Count_of_expected_badges started
10/23/2020 12:30:59 PM: INFO: Test case test_Count_of_expected_badges finished
10/23/2020 12:31:00 PM: INFO: Test case test_validate_Data_Header_Present started
10/23/2020 12:31:00 PM: INFO: Test case test_validate_Data_Header_Present finished
10/23/2020 12:31:01 PM: INFO: Test case test_validate_if_response_is_empty started
10/23/2020 12:31:01 PM: INFO: Test case test_validate_if_response_is_empty finished
10/23/2020 12:31:03 PM: INFO: Test case test_validate_response_for_bad_parameter_pass started
10/23/2020 12:31:03 PM: INFO: Test case test_validate_response_for_bad_parameter_pass finished
10/23/2020 12:31:04 PM: INFO: Test case test_validate_resposesize_not_greaterthan_10000bytes started
10/23/2020 12:31:04 PM: INFO: Test case test_validate_resposesize_not_greaterthan_10000bytes finished
10/23/2020 12:31:06 PM: INFO: Test case test_schema_datatype_validations started
10/23/2020 12:31:06 PM: INFO: Test case test_schema_datatype_validations finished
10/23/2020 12:31:07 PM: INFO: Test case test_validate_if_any_duplciate_badgeid_present_in_respose started
10/23/2020 12:31:07 PM: INFO: Test case test_validate_if_any_duplciate_badgeid_present_in_respose finished
10/23/2020 12:31:08 PM: INFO: Test case test_validate_badgeIds_against_expected_badgeids started
10/23/2020 12:31:08 PM: INFO: Test case test_validate_badgeIds_against_expected_badgeids finished
10/23/2020 12:31:10 PM: INFO: Test case test_validateStatusCode started
10/23/2020 12:31:10 PM: INFO: Test case test_validateStatusCode finished!
10/23/2020 12:31:11 PM: INFO: Test case test_Count_of_expected_badges started
10/23/2020 12:31:11 PM: INFO: Test case test_Count_of_expected_badges finished!
10/23/2020 12:31:12 PM: INFO: Test case test_validate_processedid_against_requestid_Passed started
10/23/2020 12:31:12 PM: INFO: Test case test_validate_processedid_against_requestid_Passed finished!
10/23/2020 12:31:14 PM: INFO: Test case test_check_if_invalid_id_passed started
10/23/2020 12:31:14 PM: INFO: Test case test_check_if_invalid_id_passed finished!
10/23/2020 12:32:31 PM: INFO: Test case test_validateStatusCode started
10/23/2020 12:32:32 PM: INFO: Test case test_Count_of_expected_badges_names started
10/23/2020 12:32:32 PM: INFO: Test case test_Count_of_expected_badges_names finished
10/23/2020 12:33:42 PM: INFO: Test case test_validateStatusCode started
10/23/2020 12:33:42 PM: INFO: Test case test_validateStatusCode finished
10/23/2020 12:33:43 PM: INFO: Test case test_Count_of_expected_badges_names started
10/23/2020 12:34:28 PM: INFO: Test case test_validateStatusCode started
10/23/2020 12:34:28 PM: INFO: Test case test_validateStatusCode finished
10/23/2020 12:34:30 PM: INFO: Test case test_Count_of_expected_badges_names started
10/23/2020 12:34:30 PM: INFO: Test case test_Count_of_expected_badges_names finished
10/23/2020 12:36:24 PM: INFO: Test case test_validateStatusCode started
10/23/2020 12:36:24 PM: INFO: Test case test_validateStatusCode finished
10/23/2020 12:36:26 PM: INFO: Test case test_Count_of_expected_badges_names started
10/23/2020 12:36:28 PM: INFO: Test case test_Count_of_expected_recipients started
10/23/2020 12:36:30 PM: INFO: Test case test_validate_processedid_against_requestid_Passed started
10/23/2020 12:36:30 PM: INFO: Test case test_validate_processedid_against_requestid_Passed finished
10/23/2020 12:36:31 PM: INFO: Test case test_validateStatusCode started
10/23/2020 12:36:31 PM: INFO: Test case test_validateStatusCode finished
10/23/2020 12:36:33 PM: INFO: Test case test_Count_of_expected_recipients started
10/23/2020 12:36:33 PM: INFO: Test case test_Count_of_expected_recipients finished
10/23/2020 12:36:34 PM: INFO: Test case test_validateStatusCode started
10/23/2020 12:36:34 PM: INFO: Test case test_validateStatusCode finished
10/23/2020 12:36:36 PM: INFO: Test case test_Count_of_expected_tags started
10/23/2020 12:36:36 PM: INFO: Test case test_Count_of_expected_tags finished
10/23/2020 12:36:37 PM: INFO: Test case test_validateStatusCode started
10/23/2020 12:36:37 PM: INFO: Test case test_validateStatusCode finished
10/23/2020 12:36:39 PM: INFO: Test case test_Count_of_expected_badges started
10/23/2020 12:36:39 PM: INFO: Test case test_Count_of_expected_badges finished
10/23/2020 12:36:40 PM: INFO: Test case test_validate_Data_Header_Present started
10/23/2020 12:36:40 PM: INFO: Test case test_validate_Data_Header_Present finished
10/23/2020 12:36:42 PM: INFO: Test case test_validate_if_response_is_empty started
10/23/2020 12:36:42 PM: INFO: Test case test_validate_if_response_is_empty finished
10/23/2020 12:36:43 PM: INFO: Test case test_validate_response_for_bad_parameter_pass started
10/23/2020 12:36:43 PM: INFO: Test case test_validate_response_for_bad_parameter_pass finished
10/23/2020 12:36:45 PM: INFO: Test case test_validate_resposesize_not_greaterthan_10000bytes started
10/23/2020 12:36:45 PM: INFO: Test case test_validate_resposesize_not_greaterthan_10000bytes finished
10/23/2020 12:36:47 PM: INFO: Test case test_schema_datatype_validations started
10/23/2020 12:36:47 PM: INFO: Test case test_schema_datatype_validations finished
10/23/2020 12:36:48 PM: INFO: Test case test_validate_if_any_duplciate_badgeid_present_in_respose started
10/23/2020 12:36:48 PM: INFO: Test case test_validate_if_any_duplciate_badgeid_present_in_respose finished
10/23/2020 12:36:50 PM: INFO: Test case test_validate_badgeIds_against_expected_badgeids started
10/23/2020 12:36:50 PM: INFO: Test case test_validate_badgeIds_against_expected_badgeids finished
10/23/2020 12:36:51 PM: INFO: Test case test_validateStatusCode started
10/23/2020 12:36:51 PM: INFO: Test case test_validateStatusCode finished!
10/23/2020 12:36:53 PM: INFO: Test case test_Count_of_expected_badges started
10/23/2020 12:36:53 PM: INFO: Test case test_Count_of_expected_badges finished!
10/23/2020 12:36:54 PM: INFO: Test case test_validate_processedid_against_requestid_Passed started
10/23/2020 12:36:54 PM: INFO: Test case test_validate_processedid_against_requestid_Passed finished!
10/23/2020 12:36:56 PM: INFO: Test case test_check_if_invalid_id_passed started
10/23/2020 12:36:56 PM: INFO: Test case test_check_if_invalid_id_passed finished!
